{"/Users/ayonrahman/.gemini/antigravity/scratch/ai_expense_tracker/backend/src/app.js": {"path":"/Users/ayonrahman/.gemini/antigravity/scratch/ai_expense_tracker/backend/src/app.js","statementMap":{"0":{"start":{"line":2,"column":16},"end":{"line":2,"column":34}},"1":{"start":{"line":3,"column":13},"end":{"line":3,"column":28}},"2":{"start":{"line":4,"column":15},"end":{"line":4,"column":32}},"3":{"start":{"line":5,"column":20},"end":{"line":5,"column":42}},"4":{"start":{"line":6,"column":18},"end":{"line":6,"column":47}},"5":{"start":{"line":7,"column":0},"end":{"line":7,"column":27}},"6":{"start":{"line":10,"column":24},"end":{"line":10,"column":67}},"7":{"start":{"line":11,"column":23},"end":{"line":11,"column":77}},"8":{"start":{"line":11,"column":56},"end":{"line":11,"column":76}},"9":{"start":{"line":13,"column":0},"end":{"line":16,"column":1}},"10":{"start":{"line":14,"column":4},"end":{"line":14,"column":90}},"11":{"start":{"line":15,"column":4},"end":{"line":15,"column":20}},"12":{"start":{"line":18,"column":31},"end":{"line":18,"column":57}},"13":{"start":{"line":20,"column":12},"end":{"line":20,"column":21}},"14":{"start":{"line":23,"column":0},"end":{"line":23,"column":24}},"15":{"start":{"line":24,"column":0},"end":{"line":24,"column":23}},"16":{"start":{"line":27,"column":0},"end":{"line":27,"column":41}},"17":{"start":{"line":28,"column":0},"end":{"line":28,"column":48}},"18":{"start":{"line":31,"column":0},"end":{"line":31,"column":47}},"19":{"start":{"line":32,"column":0},"end":{"line":32,"column":63}},"20":{"start":{"line":33,"column":0},"end":{"line":33,"column":53}},"21":{"start":{"line":34,"column":0},"end":{"line":34,"column":61}},"22":{"start":{"line":35,"column":0},"end":{"line":35,"column":57}},"23":{"start":{"line":36,"column":0},"end":{"line":36,"column":45}},"24":{"start":{"line":37,"column":0},"end":{"line":37,"column":49}},"25":{"start":{"line":38,"column":0},"end":{"line":38,"column":43}},"26":{"start":{"line":39,"column":0},"end":{"line":39,"column":59}},"27":{"start":{"line":42,"column":0},"end":{"line":55,"column":3}},"28":{"start":{"line":43,"column":4},"end":{"line":48,"column":5}},"29":{"start":{"line":44,"column":8},"end":{"line":47,"column":11}},"30":{"start":{"line":50,"column":4},"end":{"line":50,"column":29}},"31":{"start":{"line":51,"column":4},"end":{"line":54,"column":7}},"32":{"start":{"line":57,"column":0},"end":{"line":57,"column":21}}},"fnMap":{"0":{"name":"(anonymous_0)","decl":{"start":{"line":11,"column":46},"end":{"line":11,"column":47}},"loc":{"start":{"line":11,"column":56},"end":{"line":11,"column":76}},"line":11},"1":{"name":"(anonymous_1)","decl":{"start":{"line":42,"column":8},"end":{"line":42,"column":9}},"loc":{"start":{"line":42,"column":33},"end":{"line":55,"column":1}},"line":42}},"branchMap":{"0":{"loc":{"start":{"line":13,"column":0},"end":{"line":16,"column":1}},"type":"if","locations":[{"start":{"line":13,"column":0},"end":{"line":16,"column":1}},{"start":{},"end":{}}],"line":13},"1":{"loc":{"start":{"line":43,"column":4},"end":{"line":48,"column":5}},"type":"if","locations":[{"start":{"line":43,"column":4},"end":{"line":48,"column":5}},{"start":{},"end":{}}],"line":43},"2":{"loc":{"start":{"line":43,"column":8},"end":{"line":43,"column":96}},"type":"binary-expr","locations":[{"start":{"line":43,"column":8},"end":{"line":43,"column":47}},{"start":{"line":43,"column":51},"end":{"line":43,"column":96}}],"line":43},"3":{"loc":{"start":{"line":51,"column":15},"end":{"line":51,"column":32}},"type":"binary-expr","locations":[{"start":{"line":51,"column":15},"end":{"line":51,"column":25}},{"start":{"line":51,"column":29},"end":{"line":51,"column":32}}],"line":51},"4":{"loc":{"start":{"line":53,"column":15},"end":{"line":53,"column":93}},"type":"cond-expr","locations":[{"start":{"line":53,"column":56},"end":{"line":53,"column":67}},{"start":{"line":53,"column":70},"end":{"line":53,"column":93}}],"line":53}},"s":{"0":1,"1":1,"2":1,"3":1,"4":1,"5":1,"6":1,"7":1,"8":3,"9":1,"10":0,"11":0,"12":1,"13":1,"14":1,"15":1,"16":1,"17":1,"18":1,"19":1,"20":1,"21":1,"22":1,"23":1,"24":1,"25":1,"26":1,"27":1,"28":0,"29":0,"30":0,"31":0,"32":1},"f":{"0":3,"1":0},"b":{"0":[0,1],"1":[0,0],"2":[0,0],"3":[0,0],"4":[0,0]},"_coverageSchema":"1a1c01bbd47fc00a2c39e90264f33305004495a9","hash":"09299f0a48f028ae8c8527c17992b4b1bc497146"}
,"/Users/ayonrahman/.gemini/antigravity/scratch/ai_expense_tracker/backend/src/config/server.js": {"path":"/Users/ayonrahman/.gemini/antigravity/scratch/ai_expense_tracker/backend/src/config/server.js","statementMap":{"0":{"start":{"line":1,"column":16},"end":{"line":1,"column":34}},"1":{"start":{"line":2,"column":13},"end":{"line":2,"column":28}},"2":{"start":{"line":3,"column":15},"end":{"line":3,"column":32}},"3":{"start":{"line":4,"column":18},"end":{"line":4,"column":47}},"4":{"start":{"line":5,"column":20},"end":{"line":5,"column":42}},"5":{"start":{"line":6,"column":16},"end":{"line":6,"column":34}},"6":{"start":{"line":7,"column":13},"end":{"line":7,"column":28}},"7":{"start":{"line":10,"column":15},"end":{"line":27,"column":2}},"8":{"start":{"line":30,"column":27},"end":{"line":77,"column":1}},"9":{"start":{"line":31,"column":4},"end":{"line":42,"column":8}},"10":{"start":{"line":44,"column":4},"end":{"line":48,"column":8}},"11":{"start":{"line":51,"column":20},"end":{"line":60,"column":6}},"12":{"start":{"line":58,"column":12},"end":{"line":58,"column":92}},"13":{"start":{"line":62,"column":4},"end":{"line":62,"column":30}},"14":{"start":{"line":65,"column":24},"end":{"line":73,"column":6}},"15":{"start":{"line":71,"column":12},"end":{"line":71,"column":92}},"16":{"start":{"line":75,"column":4},"end":{"line":75,"column":44}},"17":{"start":{"line":76,"column":4},"end":{"line":76,"column":47}},"18":{"start":{"line":80,"column":21},"end":{"line":104,"column":1}},"19":{"start":{"line":81,"column":4},"end":{"line":81,"column":40}},"20":{"start":{"line":81,"column":16},"end":{"line":81,"column":40}},"21":{"start":{"line":83,"column":4},"end":{"line":89,"column":5}},"22":{"start":{"line":84,"column":8},"end":{"line":88,"column":11}},"23":{"start":{"line":91,"column":4},"end":{"line":96,"column":5}},"24":{"start":{"line":92,"column":8},"end":{"line":95,"column":11}},"25":{"start":{"line":98,"column":4},"end":{"line":103,"column":7}},"26":{"start":{"line":106,"column":0},"end":{"line":106,"column":62}}},"fnMap":{"0":{"name":"(anonymous_0)","decl":{"start":{"line":30,"column":27},"end":{"line":30,"column":28}},"loc":{"start":{"line":30,"column":36},"end":{"line":77,"column":1}},"line":30},"1":{"name":"(anonymous_1)","decl":{"start":{"line":57,"column":17},"end":{"line":57,"column":18}},"loc":{"start":{"line":57,"column":46},"end":{"line":59,"column":9}},"line":57},"2":{"name":"(anonymous_2)","decl":{"start":{"line":70,"column":17},"end":{"line":70,"column":18}},"loc":{"start":{"line":70,"column":46},"end":{"line":72,"column":9}},"line":70},"3":{"name":"(anonymous_3)","decl":{"start":{"line":80,"column":21},"end":{"line":80,"column":22}},"loc":{"start":{"line":80,"column":46},"end":{"line":104,"column":1}},"line":80}},"branchMap":{"0":{"loc":{"start":{"line":39,"column":39},"end":{"line":39,"column":70}},"type":"binary-expr","locations":[{"start":{"line":39,"column":39},"end":{"line":39,"column":63}},{"start":{"line":39,"column":67},"end":{"line":39,"column":70}}],"line":39},"1":{"loc":{"start":{"line":45,"column":16},"end":{"line":45,"column":47}},"type":"binary-expr","locations":[{"start":{"line":45,"column":16},"end":{"line":45,"column":40}},{"start":{"line":45,"column":44},"end":{"line":45,"column":47}}],"line":45},"2":{"loc":{"start":{"line":81,"column":4},"end":{"line":81,"column":40}},"type":"if","locations":[{"start":{"line":81,"column":4},"end":{"line":81,"column":40}},{"start":{},"end":{}}],"line":81},"3":{"loc":{"start":{"line":83,"column":4},"end":{"line":89,"column":5}},"type":"if","locations":[{"start":{"line":83,"column":4},"end":{"line":89,"column":5}},{"start":{},"end":{}}],"line":83},"4":{"loc":{"start":{"line":91,"column":4},"end":{"line":96,"column":5}},"type":"if","locations":[{"start":{"line":91,"column":4},"end":{"line":96,"column":5}},{"start":{},"end":{}}],"line":91},"5":{"loc":{"start":{"line":100,"column":15},"end":{"line":102,"column":25}},"type":"cond-expr","locations":[{"start":{"line":101,"column":14},"end":{"line":101,"column":37}},{"start":{"line":102,"column":14},"end":{"line":102,"column":25}}],"line":100}},"s":{"0":1,"1":1,"2":1,"3":1,"4":1,"5":1,"6":1,"7":1,"8":1,"9":1,"10":1,"11":1,"12":0,"13":1,"14":1,"15":0,"16":1,"17":1,"18":1,"19":0,"20":0,"21":0,"22":0,"23":0,"24":0,"25":0,"26":1},"f":{"0":1,"1":0,"2":0,"3":0},"b":{"0":[1,0],"1":[1,0],"2":[0,0],"3":[0,0],"4":[0,0],"5":[0,0]},"_coverageSchema":"1a1c01bbd47fc00a2c39e90264f33305004495a9","hash":"d7195c999e597415ba49abb83d07386118ee54fb"}
,"/Users/ayonrahman/.gemini/antigravity/scratch/ai_expense_tracker/backend/src/middleware/auth.js": {"path":"/Users/ayonrahman/.gemini/antigravity/scratch/ai_expense_tracker/backend/src/middleware/auth.js","statementMap":{"0":{"start":{"line":2,"column":12},"end":{"line":2,"column":35}},"1":{"start":{"line":3,"column":17},"end":{"line":3,"column":37}},"2":{"start":{"line":5,"column":0},"end":{"line":25,"column":2}},"3":{"start":{"line":6,"column":4},"end":{"line":24,"column":5}},"4":{"start":{"line":7,"column":22},"end":{"line":7,"column":73}},"5":{"start":{"line":9,"column":8},"end":{"line":11,"column":9}},"6":{"start":{"line":10,"column":12},"end":{"line":10,"column":88}},"7":{"start":{"line":13,"column":24},"end":{"line":13,"column":65}},"8":{"start":{"line":14,"column":21},"end":{"line":14,"column":52}},"9":{"start":{"line":16,"column":8},"end":{"line":18,"column":9}},"10":{"start":{"line":17,"column":12},"end":{"line":17,"column":69}},"11":{"start":{"line":20,"column":8},"end":{"line":20,"column":24}},"12":{"start":{"line":21,"column":8},"end":{"line":21,"column":15}},"13":{"start":{"line":23,"column":8},"end":{"line":23,"column":58}},"14":{"start":{"line":28,"column":15},"end":{"line":28,"column":32}},"15":{"start":{"line":29,"column":0},"end":{"line":32,"column":2}},"16":{"start":{"line":30,"column":17},"end":{"line":30,"column":41}},"17":{"start":{"line":31,"column":4},"end":{"line":31,"column":45}}},"fnMap":{"0":{"name":"(anonymous_0)","decl":{"start":{"line":5,"column":23},"end":{"line":5,"column":24}},"loc":{"start":{"line":5,"column":49},"end":{"line":25,"column":1}},"line":5},"1":{"name":"(anonymous_1)","decl":{"start":{"line":29,"column":23},"end":{"line":29,"column":24}},"loc":{"start":{"line":29,"column":43},"end":{"line":32,"column":1}},"line":29}},"branchMap":{"0":{"loc":{"start":{"line":9,"column":8},"end":{"line":11,"column":9}},"type":"if","locations":[{"start":{"line":9,"column":8},"end":{"line":11,"column":9}},{"start":{},"end":{}}],"line":9},"1":{"loc":{"start":{"line":16,"column":8},"end":{"line":18,"column":9}},"type":"if","locations":[{"start":{"line":16,"column":8},"end":{"line":18,"column":9}},{"start":{},"end":{}}],"line":16}},"s":{"0":1,"1":1,"2":1,"3":15,"4":15,"5":15,"6":0,"7":15,"8":15,"9":13,"10":0,"11":13,"12":13,"13":2,"14":1,"15":1,"16":0,"17":0},"f":{"0":15,"1":0},"b":{"0":[0,15],"1":[0,13]},"_coverageSchema":"1a1c01bbd47fc00a2c39e90264f33305004495a9","hash":"5fbbcd41118f32f94800a1bf9d72c5eb256b4b77"}
,"/Users/ayonrahman/.gemini/antigravity/scratch/ai_expense_tracker/backend/src/models/Tenant.js": {"path":"/Users/ayonrahman/.gemini/antigravity/scratch/ai_expense_tracker/backend/src/models/Tenant.js","statementMap":{"0":{"start":{"line":2,"column":22},"end":{"line":2,"column":42}},"1":{"start":{"line":3,"column":0},"end":{"line":10,"column":2}},"2":{"start":{"line":4,"column":2},"end":{"line":9,"column":5}}},"fnMap":{"0":{"name":"(anonymous_0)","decl":{"start":{"line":3,"column":17},"end":{"line":3,"column":18}},"loc":{"start":{"line":3,"column":32},"end":{"line":10,"column":1}},"line":3}},"branchMap":{},"s":{"0":1,"1":1,"2":1},"f":{"0":1},"b":{},"_coverageSchema":"1a1c01bbd47fc00a2c39e90264f33305004495a9","hash":"55e2b47c4c024bf13ab155d23a5e1512d3ae07f3"}
,"/Users/ayonrahman/.gemini/antigravity/scratch/ai_expense_tracker/backend/src/models/Transaction.js": {"path":"/Users/ayonrahman/.gemini/antigravity/scratch/ai_expense_tracker/backend/src/models/Transaction.js","statementMap":{"0":{"start":{"line":1,"column":26},"end":{"line":1,"column":46}},"1":{"start":{"line":3,"column":0},"end":{"line":126,"column":2}},"2":{"start":{"line":4,"column":24},"end":{"line":95,"column":6}},"3":{"start":{"line":35,"column":20},"end":{"line":37,"column":21}},"4":{"start":{"line":36,"column":24},"end":{"line":36,"column":84}},"5":{"start":{"line":98,"column":4},"end":{"line":102,"column":6}},"6":{"start":{"line":99,"column":8},"end":{"line":101,"column":43}},"7":{"start":{"line":105,"column":4},"end":{"line":123,"column":6}},"8":{"start":{"line":106,"column":26},"end":{"line":106,"column":54}},"9":{"start":{"line":107,"column":24},"end":{"line":107,"column":48}},"10":{"start":{"line":109,"column":8},"end":{"line":122,"column":11}},"11":{"start":{"line":125,"column":4},"end":{"line":125,"column":23}}},"fnMap":{"0":{"name":"(anonymous_0)","decl":{"start":{"line":3,"column":17},"end":{"line":3,"column":18}},"loc":{"start":{"line":3,"column":32},"end":{"line":126,"column":1}},"line":3},"1":{"name":"(anonymous_1)","decl":{"start":{"line":34,"column":16},"end":{"line":34,"column":17}},"loc":{"start":{"line":34,"column":35},"end":{"line":38,"column":17}},"line":34},"2":{"name":"(anonymous_2)","decl":{"start":{"line":98,"column":47},"end":{"line":98,"column":48}},"loc":{"start":{"line":98,"column":59},"end":{"line":102,"column":5}},"line":98},"3":{"name":"(anonymous_3)","decl":{"start":{"line":105,"column":36},"end":{"line":105,"column":37}},"loc":{"start":{"line":105,"column":73},"end":{"line":123,"column":5}},"line":105}},"branchMap":{"0":{"loc":{"start":{"line":35,"column":20},"end":{"line":37,"column":21}},"type":"if","locations":[{"start":{"line":35,"column":20},"end":{"line":37,"column":21}},{"start":{},"end":{}}],"line":35},"1":{"loc":{"start":{"line":99,"column":15},"end":{"line":101,"column":42}},"type":"cond-expr","locations":[{"start":{"line":100,"column":14},"end":{"line":100,"column":53}},{"start":{"line":101,"column":14},"end":{"line":101,"column":42}}],"line":99}},"s":{"0":1,"1":1,"2":1,"3":13,"4":0,"5":1,"6":0,"7":1,"8":0,"9":0,"10":0,"11":1},"f":{"0":1,"1":13,"2":0,"3":0},"b":{"0":[0,13],"1":[0,0]},"_coverageSchema":"1a1c01bbd47fc00a2c39e90264f33305004495a9","hash":"7d64107ef068b7693c91ddd9ff0c393f47de62b6"}
,"/Users/ayonrahman/.gemini/antigravity/scratch/ai_expense_tracker/backend/src/models/User.js": {"path":"/Users/ayonrahman/.gemini/antigravity/scratch/ai_expense_tracker/backend/src/models/User.js","statementMap":{"0":{"start":{"line":1,"column":22},"end":{"line":1,"column":42}},"1":{"start":{"line":2,"column":15},"end":{"line":2,"column":32}},"2":{"start":{"line":3,"column":12},"end":{"line":3,"column":35}},"3":{"start":{"line":5,"column":0},"end":{"line":130,"column":2}},"4":{"start":{"line":6,"column":17},"end":{"line":94,"column":6}},"5":{"start":{"line":79,"column":16},"end":{"line":82,"column":17}},"6":{"start":{"line":80,"column":33},"end":{"line":80,"column":57}},"7":{"start":{"line":81,"column":20},"end":{"line":81,"column":75}},"8":{"start":{"line":96,"column":4},"end":{"line":98,"column":6}},"9":{"start":{"line":97,"column":8},"end":{"line":97,"column":55}},"10":{"start":{"line":100,"column":4},"end":{"line":110,"column":6}},"11":{"start":{"line":101,"column":8},"end":{"line":109,"column":10}},"12":{"start":{"line":112,"column":4},"end":{"line":118,"column":6}},"13":{"start":{"line":113,"column":8},"end":{"line":117,"column":10}},"14":{"start":{"line":120,"column":4},"end":{"line":127,"column":6}},"15":{"start":{"line":121,"column":23},"end":{"line":121,"column":52}},"16":{"start":{"line":122,"column":8},"end":{"line":122,"column":31}},"17":{"start":{"line":123,"column":8},"end":{"line":123,"column":38}},"18":{"start":{"line":124,"column":8},"end":{"line":124,"column":41}},"19":{"start":{"line":125,"column":8},"end":{"line":125,"column":43}},"20":{"start":{"line":126,"column":8},"end":{"line":126,"column":22}},"21":{"start":{"line":129,"column":4},"end":{"line":129,"column":16}}},"fnMap":{"0":{"name":"(anonymous_0)","decl":{"start":{"line":5,"column":17},"end":{"line":5,"column":18}},"loc":{"start":{"line":5,"column":32},"end":{"line":130,"column":1}},"line":5},"1":{"name":"(anonymous_1)","decl":{"start":{"line":78,"column":24},"end":{"line":78,"column":25}},"loc":{"start":{"line":78,"column":40},"end":{"line":83,"column":13}},"line":78},"2":{"name":"(anonymous_2)","decl":{"start":{"line":96,"column":38},"end":{"line":96,"column":39}},"loc":{"start":{"line":96,"column":64},"end":{"line":98,"column":5}},"line":96},"3":{"name":"(anonymous_3)","decl":{"start":{"line":100,"column":39},"end":{"line":100,"column":40}},"loc":{"start":{"line":100,"column":51},"end":{"line":110,"column":5}},"line":100},"4":{"name":"(anonymous_4)","decl":{"start":{"line":112,"column":42},"end":{"line":112,"column":43}},"loc":{"start":{"line":112,"column":54},"end":{"line":118,"column":5}},"line":112},"5":{"name":"(anonymous_5)","decl":{"start":{"line":120,"column":28},"end":{"line":120,"column":29}},"loc":{"start":{"line":120,"column":40},"end":{"line":127,"column":5}},"line":120}},"branchMap":{"0":{"loc":{"start":{"line":79,"column":16},"end":{"line":82,"column":17}},"type":"if","locations":[{"start":{"line":79,"column":16},"end":{"line":82,"column":17}},{"start":{},"end":{}}],"line":79},"1":{"loc":{"start":{"line":108,"column":25},"end":{"line":108,"column":59}},"type":"binary-expr","locations":[{"start":{"line":108,"column":25},"end":{"line":108,"column":51}},{"start":{"line":108,"column":55},"end":{"line":108,"column":59}}],"line":108},"2":{"loc":{"start":{"line":116,"column":25},"end":{"line":116,"column":68}},"type":"binary-expr","locations":[{"start":{"line":116,"column":25},"end":{"line":116,"column":59}},{"start":{"line":116,"column":63},"end":{"line":116,"column":68}}],"line":116}},"s":{"0":1,"1":1,"2":1,"3":1,"4":1,"5":1,"6":1,"7":1,"8":1,"9":1,"10":1,"11":2,"12":1,"13":0,"14":1,"15":2,"16":2,"17":2,"18":2,"19":2,"20":2,"21":1},"f":{"0":1,"1":1,"2":1,"3":2,"4":0,"5":2},"b":{"0":[1,0],"1":[2,2],"2":[0,0]},"_coverageSchema":"1a1c01bbd47fc00a2c39e90264f33305004495a9","hash":"609aba2f7707db279fbd79117bb47ac7c1464ad4"}
,"/Users/ayonrahman/.gemini/antigravity/scratch/ai_expense_tracker/backend/src/models/index.js": {"path":"/Users/ayonrahman/.gemini/antigravity/scratch/ai_expense_tracker/backend/src/models/index.js","statementMap":{"0":{"start":{"line":1,"column":33},"end":{"line":1,"column":53}},"1":{"start":{"line":2,"column":0},"end":{"line":2,"column":27}},"2":{"start":{"line":4,"column":15},"end":{"line":4,"column":46}},"3":{"start":{"line":6,"column":18},"end":{"line":15,"column":6}},"4":{"start":{"line":17,"column":13},"end":{"line":17,"column":41}},"5":{"start":{"line":18,"column":20},"end":{"line":18,"column":55}},"6":{"start":{"line":19,"column":15},"end":{"line":19,"column":45}},"7":{"start":{"line":22,"column":17},"end":{"line":36,"column":2}},"8":{"start":{"line":39,"column":0},"end":{"line":39,"column":52}},"9":{"start":{"line":40,"column":0},"end":{"line":40,"column":54}},"10":{"start":{"line":42,"column":0},"end":{"line":42,"column":49}},"11":{"start":{"line":43,"column":0},"end":{"line":43,"column":51}},"12":{"start":{"line":45,"column":0},"end":{"line":45,"column":60}},"13":{"start":{"line":46,"column":0},"end":{"line":46,"column":62}},"14":{"start":{"line":48,"column":0},"end":{"line":54,"column":2}}},"fnMap":{},"branchMap":{"0":{"loc":{"start":{"line":6,"column":18},"end":{"line":15,"column":6}},"type":"cond-expr","locations":[{"start":{"line":7,"column":6},"end":{"line":7,"column":58}},{"start":{"line":8,"column":6},"end":{"line":15,"column":6}}],"line":6}},"s":{"0":1,"1":1,"2":1,"3":1,"4":1,"5":1,"6":1,"7":1,"8":1,"9":1,"10":1,"11":1,"12":1,"13":1,"14":1},"f":{},"b":{"0":[1,0]},"_coverageSchema":"1a1c01bbd47fc00a2c39e90264f33305004495a9","hash":"66fd4734b2ecd37fe4d86737d5cc1d52bf5e8269"}
,"/Users/ayonrahman/.gemini/antigravity/scratch/ai_expense_tracker/backend/src/routes/ai.js": {"path":"/Users/ayonrahman/.gemini/antigravity/scratch/ai_expense_tracker/backend/src/routes/ai.js","statementMap":{"0":{"start":{"line":1,"column":16},"end":{"line":1,"column":34}},"1":{"start":{"line":2,"column":15},"end":{"line":2,"column":31}},"2":{"start":{"line":4,"column":0},"end":{"line":13,"column":3}},"3":{"start":{"line":5,"column":4},"end":{"line":12,"column":7}},"4":{"start":{"line":15,"column":0},"end":{"line":15,"column":24}}},"fnMap":{"0":{"name":"(anonymous_0)","decl":{"start":{"line":4,"column":24},"end":{"line":4,"column":25}},"loc":{"start":{"line":4,"column":38},"end":{"line":13,"column":1}},"line":4}},"branchMap":{},"s":{"0":1,"1":1,"2":1,"3":1,"4":1},"f":{"0":1},"b":{},"_coverageSchema":"1a1c01bbd47fc00a2c39e90264f33305004495a9","hash":"6d2478372d93508d66d8b76647fe6450b9177669"}
,"/Users/ayonrahman/.gemini/antigravity/scratch/ai_expense_tracker/backend/src/routes/auth.js": {"path":"/Users/ayonrahman/.gemini/antigravity/scratch/ai_expense_tracker/backend/src/routes/auth.js","statementMap":{"0":{"start":{"line":1,"column":16},"end":{"line":1,"column":34}},"1":{"start":{"line":2,"column":35},"end":{"line":2,"column":63}},"2":{"start":{"line":3,"column":17},"end":{"line":3,"column":37}},"3":{"start":{"line":4,"column":25},"end":{"line":4,"column":54}},"4":{"start":{"line":5,"column":19},"end":{"line":5,"column":52}},"5":{"start":{"line":6,"column":15},"end":{"line":6,"column":31}},"6":{"start":{"line":9,"column":17},"end":{"line":15,"column":1}},"7":{"start":{"line":10,"column":19},"end":{"line":10,"column":40}},"8":{"start":{"line":11,"column":4},"end":{"line":13,"column":5}},"9":{"start":{"line":12,"column":8},"end":{"line":12,"column":80}},"10":{"start":{"line":14,"column":4},"end":{"line":14,"column":11}},"11":{"start":{"line":18,"column":0},"end":{"line":36,"column":3}},"12":{"start":{"line":24,"column":4},"end":{"line":35,"column":5}},"13":{"start":{"line":25,"column":57},"end":{"line":25,"column":65}},"14":{"start":{"line":26,"column":29},"end":{"line":26,"column":69}},"15":{"start":{"line":27,"column":8},"end":{"line":29,"column":9}},"16":{"start":{"line":28,"column":12},"end":{"line":28,"column":91}},"17":{"start":{"line":30,"column":21},"end":{"line":30,"column":80}},"18":{"start":{"line":31,"column":22},"end":{"line":31,"column":46}},"19":{"start":{"line":32,"column":8},"end":{"line":32,"column":71}},"20":{"start":{"line":34,"column":8},"end":{"line":34,"column":71}},"21":{"start":{"line":39,"column":0},"end":{"line":54,"column":3}},"22":{"start":{"line":43,"column":4},"end":{"line":53,"column":5}},"23":{"start":{"line":44,"column":36},"end":{"line":44,"column":44}},"24":{"start":{"line":45,"column":21},"end":{"line":45,"column":61}},"25":{"start":{"line":46,"column":8},"end":{"line":48,"column":9}},"26":{"start":{"line":47,"column":12},"end":{"line":47,"column":96}},"27":{"start":{"line":49,"column":22},"end":{"line":49,"column":46}},"28":{"start":{"line":50,"column":8},"end":{"line":50,"column":59}},"29":{"start":{"line":52,"column":8},"end":{"line":52,"column":71}},"30":{"start":{"line":57,"column":0},"end":{"line":65,"column":3}},"31":{"start":{"line":58,"column":4},"end":{"line":64,"column":5}},"32":{"start":{"line":59,"column":38},"end":{"line":59,"column":85}},"33":{"start":{"line":60,"column":8},"end":{"line":60,"column":84}},"34":{"start":{"line":61,"column":8},"end":{"line":61,"column":40}},"35":{"start":{"line":63,"column":8},"end":{"line":63,"column":60}},"36":{"start":{"line":67,"column":0},"end":{"line":80,"column":3}},"37":{"start":{"line":68,"column":4},"end":{"line":79,"column":5}},"38":{"start":{"line":69,"column":26},"end":{"line":69,"column":34}},"39":{"start":{"line":70,"column":25},"end":{"line":70,"column":80}},"40":{"start":{"line":71,"column":8},"end":{"line":76,"column":9}},"41":{"start":{"line":72,"column":12},"end":{"line":72,"column":62}},"42":{"start":{"line":73,"column":12},"end":{"line":73,"column":40}},"43":{"start":{"line":75,"column":12},"end":{"line":75,"column":61}},"44":{"start":{"line":78,"column":8},"end":{"line":78,"column":67}},"45":{"start":{"line":82,"column":0},"end":{"line":82,"column":24}}},"fnMap":{"0":{"name":"(anonymous_0)","decl":{"start":{"line":9,"column":17},"end":{"line":9,"column":18}},"loc":{"start":{"line":9,"column":37},"end":{"line":15,"column":1}},"line":9},"1":{"name":"(anonymous_1)","decl":{"start":{"line":23,"column":13},"end":{"line":23,"column":14}},"loc":{"start":{"line":23,"column":33},"end":{"line":36,"column":1}},"line":23},"2":{"name":"(anonymous_2)","decl":{"start":{"line":42,"column":13},"end":{"line":42,"column":14}},"loc":{"start":{"line":42,"column":33},"end":{"line":54,"column":1}},"line":42},"3":{"name":"(anonymous_3)","decl":{"start":{"line":57,"column":40},"end":{"line":57,"column":41}},"loc":{"start":{"line":57,"column":60},"end":{"line":65,"column":1}},"line":57},"4":{"name":"(anonymous_4)","decl":{"start":{"line":67,"column":41},"end":{"line":67,"column":42}},"loc":{"start":{"line":67,"column":61},"end":{"line":80,"column":1}},"line":67}},"branchMap":{"0":{"loc":{"start":{"line":11,"column":4},"end":{"line":13,"column":5}},"type":"if","locations":[{"start":{"line":11,"column":4},"end":{"line":13,"column":5}},{"start":{},"end":{}}],"line":11},"1":{"loc":{"start":{"line":27,"column":8},"end":{"line":29,"column":9}},"type":"if","locations":[{"start":{"line":27,"column":8},"end":{"line":29,"column":9}},{"start":{},"end":{}}],"line":27},"2":{"loc":{"start":{"line":46,"column":8},"end":{"line":48,"column":9}},"type":"if","locations":[{"start":{"line":46,"column":8},"end":{"line":48,"column":9}},{"start":{},"end":{}}],"line":46},"3":{"loc":{"start":{"line":46,"column":12},"end":{"line":46,"column":61}},"type":"binary-expr","locations":[{"start":{"line":46,"column":12},"end":{"line":46,"column":17}},{"start":{"line":46,"column":21},"end":{"line":46,"column":61}}],"line":46},"4":{"loc":{"start":{"line":71,"column":8},"end":{"line":76,"column":9}},"type":"if","locations":[{"start":{"line":71,"column":8},"end":{"line":76,"column":9}},{"start":{"line":74,"column":15},"end":{"line":76,"column":9}}],"line":71}},"s":{"0":1,"1":1,"2":1,"3":1,"4":1,"5":1,"6":1,"7":2,"8":2,"9":0,"10":2,"11":1,"12":1,"13":1,"14":1,"15":1,"16":0,"17":1,"18":1,"19":1,"20":0,"21":1,"22":1,"23":1,"24":1,"25":1,"26":0,"27":1,"28":1,"29":0,"30":1,"31":0,"32":0,"33":0,"34":0,"35":0,"36":1,"37":0,"38":0,"39":0,"40":0,"41":0,"42":0,"43":0,"44":0,"45":1},"f":{"0":2,"1":1,"2":1,"3":0,"4":0},"b":{"0":[0,2],"1":[0,1],"2":[0,1],"3":[1,1],"4":[0,0]},"_coverageSchema":"1a1c01bbd47fc00a2c39e90264f33305004495a9","hash":"c20aade33a347b4e04fff16d3a877b5cfe50f614"}
,"/Users/ayonrahman/.gemini/antigravity/scratch/ai_expense_tracker/backend/src/routes/budgets.js": {"path":"/Users/ayonrahman/.gemini/antigravity/scratch/ai_expense_tracker/backend/src/routes/budgets.js","statementMap":{"0":{"start":{"line":1,"column":16},"end":{"line":1,"column":34}},"1":{"start":{"line":2,"column":15},"end":{"line":2,"column":31}},"2":{"start":{"line":4,"column":0},"end":{"line":9,"column":3}},"3":{"start":{"line":5,"column":4},"end":{"line":8,"column":7}},"4":{"start":{"line":11,"column":0},"end":{"line":18,"column":3}},"5":{"start":{"line":12,"column":4},"end":{"line":17,"column":7}},"6":{"start":{"line":20,"column":0},"end":{"line":20,"column":24}}},"fnMap":{"0":{"name":"(anonymous_0)","decl":{"start":{"line":4,"column":17},"end":{"line":4,"column":18}},"loc":{"start":{"line":4,"column":31},"end":{"line":9,"column":1}},"line":4},"1":{"name":"(anonymous_1)","decl":{"start":{"line":11,"column":22},"end":{"line":11,"column":23}},"loc":{"start":{"line":11,"column":36},"end":{"line":18,"column":1}},"line":11}},"branchMap":{},"s":{"0":1,"1":1,"2":1,"3":1,"4":1,"5":1,"6":1},"f":{"0":1,"1":1},"b":{},"_coverageSchema":"1a1c01bbd47fc00a2c39e90264f33305004495a9","hash":"48d617011d12dd190aad875f2b0bbb17a2cf4a4d"}
,"/Users/ayonrahman/.gemini/antigravity/scratch/ai_expense_tracker/backend/src/routes/categories.js": {"path":"/Users/ayonrahman/.gemini/antigravity/scratch/ai_expense_tracker/backend/src/routes/categories.js","statementMap":{"0":{"start":{"line":1,"column":16},"end":{"line":1,"column":34}},"1":{"start":{"line":2,"column":15},"end":{"line":2,"column":31}},"2":{"start":{"line":4,"column":0},"end":{"line":11,"column":3}},"3":{"start":{"line":5,"column":4},"end":{"line":10,"column":7}},"4":{"start":{"line":13,"column":0},"end":{"line":13,"column":24}}},"fnMap":{"0":{"name":"(anonymous_0)","decl":{"start":{"line":4,"column":16},"end":{"line":4,"column":17}},"loc":{"start":{"line":4,"column":30},"end":{"line":11,"column":1}},"line":4}},"branchMap":{},"s":{"0":1,"1":1,"2":1,"3":1,"4":1},"f":{"0":1},"b":{},"_coverageSchema":"1a1c01bbd47fc00a2c39e90264f33305004495a9","hash":"a750ebcea1715140f8dad6558fd0c7663c2c7da2"}
,"/Users/ayonrahman/.gemini/antigravity/scratch/ai_expense_tracker/backend/src/routes/dashboard.js": {"path":"/Users/ayonrahman/.gemini/antigravity/scratch/ai_expense_tracker/backend/src/routes/dashboard.js","statementMap":{"0":{"start":{"line":1,"column":16},"end":{"line":1,"column":34}},"1":{"start":{"line":2,"column":15},"end":{"line":2,"column":31}},"2":{"start":{"line":4,"column":0},"end":{"line":14,"column":3}},"3":{"start":{"line":5,"column":4},"end":{"line":13,"column":7}},"4":{"start":{"line":16,"column":0},"end":{"line":16,"column":24}}},"fnMap":{"0":{"name":"(anonymous_0)","decl":{"start":{"line":4,"column":16},"end":{"line":4,"column":17}},"loc":{"start":{"line":4,"column":30},"end":{"line":14,"column":1}},"line":4}},"branchMap":{},"s":{"0":1,"1":1,"2":1,"3":1,"4":1},"f":{"0":1},"b":{},"_coverageSchema":"1a1c01bbd47fc00a2c39e90264f33305004495a9","hash":"60869e61a2ce6986eb65dc4f09c18ab457593ff9"}
,"/Users/ayonrahman/.gemini/antigravity/scratch/ai_expense_tracker/backend/src/routes/investments.js": {"path":"/Users/ayonrahman/.gemini/antigravity/scratch/ai_expense_tracker/backend/src/routes/investments.js","statementMap":{"0":{"start":{"line":1,"column":16},"end":{"line":1,"column":34}},"1":{"start":{"line":2,"column":15},"end":{"line":2,"column":31}},"2":{"start":{"line":3,"column":0},"end":{"line":3,"column":69}},"3":{"start":{"line":3,"column":30},"end":{"line":3,"column":67}},"4":{"start":{"line":4,"column":0},"end":{"line":4,"column":24}}},"fnMap":{"0":{"name":"(anonymous_0)","decl":{"start":{"line":3,"column":16},"end":{"line":3,"column":17}},"loc":{"start":{"line":3,"column":30},"end":{"line":3,"column":67}},"line":3}},"branchMap":{},"s":{"0":1,"1":1,"2":1,"3":0,"4":1},"f":{"0":0},"b":{},"_coverageSchema":"1a1c01bbd47fc00a2c39e90264f33305004495a9","hash":"3b353308ebf5474c1782365d531c449d657656ef"}
,"/Users/ayonrahman/.gemini/antigravity/scratch/ai_expense_tracker/backend/src/routes/ocr.js": {"path":"/Users/ayonrahman/.gemini/antigravity/scratch/ai_expense_tracker/backend/src/routes/ocr.js","statementMap":{"0":{"start":{"line":1,"column":16},"end":{"line":1,"column":34}},"1":{"start":{"line":2,"column":15},"end":{"line":2,"column":31}},"2":{"start":{"line":3,"column":0},"end":{"line":3,"column":69}},"3":{"start":{"line":3,"column":30},"end":{"line":3,"column":67}},"4":{"start":{"line":4,"column":0},"end":{"line":4,"column":24}}},"fnMap":{"0":{"name":"(anonymous_0)","decl":{"start":{"line":3,"column":16},"end":{"line":3,"column":17}},"loc":{"start":{"line":3,"column":30},"end":{"line":3,"column":67}},"line":3}},"branchMap":{},"s":{"0":1,"1":1,"2":1,"3":0,"4":1},"f":{"0":0},"b":{},"_coverageSchema":"1a1c01bbd47fc00a2c39e90264f33305004495a9","hash":"56988ad5e3760df286deda42abfae8900098ce93"}
,"/Users/ayonrahman/.gemini/antigravity/scratch/ai_expense_tracker/backend/src/routes/transactions.js": {"path":"/Users/ayonrahman/.gemini/antigravity/scratch/ai_expense_tracker/backend/src/routes/transactions.js","statementMap":{"0":{"start":{"line":1,"column":16},"end":{"line":1,"column":34}},"1":{"start":{"line":2,"column":49},"end":{"line":2,"column":77}},"2":{"start":{"line":3,"column":45},"end":{"line":3,"column":65}},"3":{"start":{"line":4,"column":25},"end":{"line":4,"column":54}},"4":{"start":{"line":5,"column":19},"end":{"line":5,"column":46}},"5":{"start":{"line":6,"column":15},"end":{"line":6,"column":35}},"6":{"start":{"line":8,"column":15},"end":{"line":8,"column":31}},"7":{"start":{"line":11,"column":17},"end":{"line":20,"column":1}},"8":{"start":{"line":12,"column":19},"end":{"line":12,"column":40}},"9":{"start":{"line":13,"column":4},"end":{"line":18,"column":5}},"10":{"start":{"line":14,"column":8},"end":{"line":17,"column":11}},"11":{"start":{"line":19,"column":4},"end":{"line":19,"column":11}},"12":{"start":{"line":23,"column":0},"end":{"line":132,"column":2}},"13":{"start":{"line":37,"column":8},"end":{"line":130,"column":9}},"14":{"start":{"line":38,"column":25},"end":{"line":38,"column":54}},"15":{"start":{"line":39,"column":26},"end":{"line":39,"column":57}},"16":{"start":{"line":40,"column":27},"end":{"line":40,"column":45}},"17":{"start":{"line":42,"column":32},"end":{"line":42,"column":55}},"18":{"start":{"line":45,"column":12},"end":{"line":49,"column":13}},"19":{"start":{"line":46,"column":16},"end":{"line":48,"column":18}},"20":{"start":{"line":51,"column":12},"end":{"line":53,"column":13}},"21":{"start":{"line":52,"column":16},"end":{"line":52,"column":62}},"22":{"start":{"line":55,"column":12},"end":{"line":57,"column":13}},"23":{"start":{"line":56,"column":16},"end":{"line":56,"column":50}},"24":{"start":{"line":59,"column":12},"end":{"line":67,"column":13}},"25":{"start":{"line":60,"column":16},"end":{"line":60,"column":40}},"26":{"start":{"line":61,"column":16},"end":{"line":63,"column":17}},"27":{"start":{"line":62,"column":20},"end":{"line":62,"column":69}},"28":{"start":{"line":64,"column":16},"end":{"line":66,"column":17}},"29":{"start":{"line":65,"column":20},"end":{"line":65,"column":69}},"30":{"start":{"line":69,"column":50},"end":{"line":75,"column":14}},"31":{"start":{"line":78,"column":31},"end":{"line":88,"column":14}},"32":{"start":{"line":90,"column":12},"end":{"line":109,"column":15}},"33":{"start":{"line":101,"column":24},"end":{"line":105,"column":26}},"34":{"start":{"line":106,"column":24},"end":{"line":106,"column":35}},"35":{"start":{"line":112,"column":12},"end":{"line":119,"column":13}},"36":{"start":{"line":113,"column":16},"end":{"line":118,"column":19}},"37":{"start":{"line":122,"column":12},"end":{"line":128,"column":13}},"38":{"start":{"line":123,"column":16},"end":{"line":127,"column":19}},"39":{"start":{"line":129,"column":12},"end":{"line":129,"column":24}},"40":{"start":{"line":135,"column":0},"end":{"line":215,"column":2}},"41":{"start":{"line":151,"column":8},"end":{"line":213,"column":9}},"42":{"start":{"line":164,"column":16},"end":{"line":164,"column":24}},"43":{"start":{"line":167,"column":29},"end":{"line":169,"column":14}},"44":{"start":{"line":171,"column":12},"end":{"line":176,"column":13}},"45":{"start":{"line":172,"column":16},"end":{"line":175,"column":19}},"46":{"start":{"line":179,"column":32},"end":{"line":192,"column":14}},"47":{"start":{"line":195,"column":12},"end":{"line":197,"column":13}},"48":{"start":{"line":196,"column":16},"end":{"line":196,"column":90}},"49":{"start":{"line":199,"column":12},"end":{"line":202,"column":15}},"50":{"start":{"line":205,"column":12},"end":{"line":211,"column":13}},"51":{"start":{"line":206,"column":16},"end":{"line":210,"column":19}},"52":{"start":{"line":212,"column":12},"end":{"line":212,"column":24}},"53":{"start":{"line":217,"column":0},"end":{"line":217,"column":24}}},"fnMap":{"0":{"name":"(anonymous_0)","decl":{"start":{"line":11,"column":17},"end":{"line":11,"column":18}},"loc":{"start":{"line":11,"column":37},"end":{"line":20,"column":1}},"line":11},"1":{"name":"(anonymous_1)","decl":{"start":{"line":36,"column":4},"end":{"line":36,"column":5}},"loc":{"start":{"line":36,"column":30},"end":{"line":131,"column":5}},"line":36},"2":{"name":"(anonymous_2)","decl":{"start":{"line":100,"column":47},"end":{"line":100,"column":48}},"loc":{"start":{"line":100,"column":62},"end":{"line":107,"column":21}},"line":100},"3":{"name":"(anonymous_3)","decl":{"start":{"line":150,"column":4},"end":{"line":150,"column":5}},"loc":{"start":{"line":150,"column":30},"end":{"line":214,"column":5}},"line":150}},"branchMap":{"0":{"loc":{"start":{"line":13,"column":4},"end":{"line":18,"column":5}},"type":"if","locations":[{"start":{"line":13,"column":4},"end":{"line":18,"column":5}},{"start":{},"end":{}}],"line":13},"1":{"loc":{"start":{"line":38,"column":25},"end":{"line":38,"column":54}},"type":"binary-expr","locations":[{"start":{"line":38,"column":25},"end":{"line":38,"column":49}},{"start":{"line":38,"column":53},"end":{"line":38,"column":54}}],"line":38},"2":{"loc":{"start":{"line":39,"column":26},"end":{"line":39,"column":57}},"type":"binary-expr","locations":[{"start":{"line":39,"column":26},"end":{"line":39,"column":51}},{"start":{"line":39,"column":55},"end":{"line":39,"column":57}}],"line":39},"3":{"loc":{"start":{"line":45,"column":12},"end":{"line":49,"column":13}},"type":"if","locations":[{"start":{"line":45,"column":12},"end":{"line":49,"column":13}},{"start":{},"end":{}}],"line":45},"4":{"loc":{"start":{"line":45,"column":16},"end":{"line":45,"column":56}},"type":"binary-expr","locations":[{"start":{"line":45,"column":16},"end":{"line":45,"column":35}},{"start":{"line":45,"column":39},"end":{"line":45,"column":56}}],"line":45},"5":{"loc":{"start":{"line":51,"column":12},"end":{"line":53,"column":13}},"type":"if","locations":[{"start":{"line":51,"column":12},"end":{"line":53,"column":13}},{"start":{},"end":{}}],"line":51},"6":{"loc":{"start":{"line":55,"column":12},"end":{"line":57,"column":13}},"type":"if","locations":[{"start":{"line":55,"column":12},"end":{"line":57,"column":13}},{"start":{},"end":{}}],"line":55},"7":{"loc":{"start":{"line":59,"column":12},"end":{"line":67,"column":13}},"type":"if","locations":[{"start":{"line":59,"column":12},"end":{"line":67,"column":13}},{"start":{},"end":{}}],"line":59},"8":{"loc":{"start":{"line":59,"column":16},"end":{"line":59,"column":58}},"type":"binary-expr","locations":[{"start":{"line":59,"column":16},"end":{"line":59,"column":35}},{"start":{"line":59,"column":39},"end":{"line":59,"column":58}}],"line":59},"9":{"loc":{"start":{"line":61,"column":16},"end":{"line":63,"column":17}},"type":"if","locations":[{"start":{"line":61,"column":16},"end":{"line":63,"column":17}},{"start":{},"end":{}}],"line":61},"10":{"loc":{"start":{"line":64,"column":16},"end":{"line":66,"column":17}},"type":"if","locations":[{"start":{"line":64,"column":16},"end":{"line":66,"column":17}},{"start":{},"end":{}}],"line":64},"11":{"loc":{"start":{"line":112,"column":12},"end":{"line":119,"column":13}},"type":"if","locations":[{"start":{"line":112,"column":12},"end":{"line":119,"column":13}},{"start":{},"end":{}}],"line":112},"12":{"loc":{"start":{"line":122,"column":12},"end":{"line":128,"column":13}},"type":"if","locations":[{"start":{"line":122,"column":12},"end":{"line":128,"column":13}},{"start":{},"end":{}}],"line":122},"13":{"loc":{"start":{"line":171,"column":12},"end":{"line":176,"column":13}},"type":"if","locations":[{"start":{"line":171,"column":12},"end":{"line":176,"column":13}},{"start":{},"end":{}}],"line":171},"14":{"loc":{"start":{"line":195,"column":12},"end":{"line":197,"column":13}},"type":"if","locations":[{"start":{"line":195,"column":12},"end":{"line":197,"column":13}},{"start":{},"end":{}}],"line":195},"15":{"loc":{"start":{"line":205,"column":12},"end":{"line":211,"column":13}},"type":"if","locations":[{"start":{"line":205,"column":12},"end":{"line":211,"column":13}},{"start":{},"end":{}}],"line":205}},"s":{"0":1,"1":1,"2":1,"3":1,"4":1,"5":1,"6":1,"7":1,"8":13,"9":13,"10":0,"11":13,"12":1,"13":0,"14":0,"15":0,"16":0,"17":0,"18":0,"19":0,"20":0,"21":0,"22":0,"23":0,"24":0,"25":0,"26":0,"27":0,"28":0,"29":0,"30":0,"31":0,"32":0,"33":0,"34":0,"35":0,"36":0,"37":0,"38":0,"39":0,"40":1,"41":13,"42":13,"43":13,"44":13,"45":0,"46":13,"47":13,"48":0,"49":13,"50":0,"51":0,"52":0,"53":1},"f":{"0":13,"1":0,"2":0,"3":13},"b":{"0":[0,13],"1":[0,0],"2":[0,0],"3":[0,0],"4":[0,0],"5":[0,0],"6":[0,0],"7":[0,0],"8":[0,0],"9":[0,0],"10":[0,0],"11":[0,0],"12":[0,0],"13":[0,13],"14":[0,13],"15":[0,0]},"_coverageSchema":"1a1c01bbd47fc00a2c39e90264f33305004495a9","hash":"2d326ef5fd4e36584aa9e8ef92579c450445e040"}
,"/Users/ayonrahman/.gemini/antigravity/scratch/ai_expense_tracker/backend/src/routes/voice.js": {"path":"/Users/ayonrahman/.gemini/antigravity/scratch/ai_expense_tracker/backend/src/routes/voice.js","statementMap":{"0":{"start":{"line":1,"column":16},"end":{"line":1,"column":34}},"1":{"start":{"line":2,"column":15},"end":{"line":2,"column":31}},"2":{"start":{"line":3,"column":0},"end":{"line":3,"column":69}},"3":{"start":{"line":3,"column":30},"end":{"line":3,"column":67}},"4":{"start":{"line":4,"column":0},"end":{"line":4,"column":24}}},"fnMap":{"0":{"name":"(anonymous_0)","decl":{"start":{"line":3,"column":16},"end":{"line":3,"column":17}},"loc":{"start":{"line":3,"column":30},"end":{"line":3,"column":67}},"line":3}},"branchMap":{},"s":{"0":1,"1":1,"2":1,"3":0,"4":1},"f":{"0":0},"b":{},"_coverageSchema":"1a1c01bbd47fc00a2c39e90264f33305004495a9","hash":"6c11b6476e5d3e1d6fe76b8216468ad9b06573d9"}
,"/Users/ayonrahman/.gemini/antigravity/scratch/ai_expense_tracker/backend/src/services/mfaService.js": {"path":"/Users/ayonrahman/.gemini/antigravity/scratch/ai_expense_tracker/backend/src/services/mfaService.js","statementMap":{"0":{"start":{"line":2,"column":18},"end":{"line":2,"column":38}},"1":{"start":{"line":3,"column":15},"end":{"line":3,"column":32}},"2":{"start":{"line":5,"column":0},"end":{"line":12,"column":2}},"3":{"start":{"line":6,"column":19},"end":{"line":9,"column":6}},"4":{"start":{"line":10,"column":22},"end":{"line":10,"column":64}},"5":{"start":{"line":11,"column":4},"end":{"line":11,"column":48}},"6":{"start":{"line":14,"column":0},"end":{"line":20,"column":2}},"7":{"start":{"line":15,"column":4},"end":{"line":19,"column":7}}},"fnMap":{"0":{"name":"(anonymous_0)","decl":{"start":{"line":5,"column":25},"end":{"line":5,"column":26}},"loc":{"start":{"line":5,"column":42},"end":{"line":12,"column":1}},"line":5},"1":{"name":"(anonymous_1)","decl":{"start":{"line":14,"column":22},"end":{"line":14,"column":23}},"loc":{"start":{"line":14,"column":41},"end":{"line":20,"column":1}},"line":14}},"branchMap":{},"s":{"0":1,"1":1,"2":1,"3":0,"4":0,"5":0,"6":1,"7":0},"f":{"0":0,"1":0},"b":{},"_coverageSchema":"1a1c01bbd47fc00a2c39e90264f33305004495a9","hash":"53c8989eedd089ce889f0d0a6b6b3b3ae0c3029e"}
}
