TN:
SF:src/app.js
FN:11,(anonymous_0)
FN:42,(anonymous_1)
FNF:2
FNH:1
FNDA:3,(anonymous_0)
FNDA:0,(anonymous_1)
DA:2,1
DA:3,1
DA:4,1
DA:5,1
DA:6,1
DA:7,1
DA:10,1
DA:11,3
DA:13,1
DA:14,0
DA:15,0
DA:18,1
DA:20,1
DA:23,1
DA:24,1
DA:27,1
DA:28,1
DA:31,1
DA:32,1
DA:33,1
DA:34,1
DA:35,1
DA:36,1
DA:37,1
DA:38,1
DA:39,1
DA:42,1
DA:43,0
DA:44,0
DA:50,0
DA:51,0
DA:57,1
LF:32
LH:26
BRDA:13,0,0,0
BRDA:13,0,1,1
BRDA:43,1,0,0
BRDA:43,1,1,0
BRDA:43,2,0,0
BRDA:43,2,1,0
BRDA:51,3,0,0
BRDA:51,3,1,0
BRDA:53,4,0,0
BRDA:53,4,1,0
BRF:10
BRH:1
end_of_record
TN:
SF:src/config/server.js
FN:30,(anonymous_0)
FN:57,(anonymous_1)
FN:70,(anonymous_2)
FN:80,(anonymous_3)
FNF:4
FNH:1
FNDA:1,(anonymous_0)
FNDA:0,(anonymous_1)
FNDA:0,(anonymous_2)
FNDA:0,(anonymous_3)
DA:1,1
DA:2,1
DA:3,1
DA:4,1
DA:5,1
DA:6,1
DA:7,1
DA:10,1
DA:30,1
DA:31,1
DA:44,1
DA:51,1
DA:58,0
DA:62,1
DA:65,1
DA:71,0
DA:75,1
DA:76,1
DA:80,1
DA:81,0
DA:83,0
DA:84,0
DA:91,0
DA:92,0
DA:98,0
DA:106,1
LF:26
LH:18
BRDA:39,0,0,1
BRDA:39,0,1,0
BRDA:45,1,0,1
BRDA:45,1,1,0
BRDA:81,2,0,0
BRDA:81,2,1,0
BRDA:83,3,0,0
BRDA:83,3,1,0
BRDA:91,4,0,0
BRDA:91,4,1,0
BRDA:100,5,0,0
BRDA:100,5,1,0
BRF:12
BRH:2
end_of_record
TN:
SF:src/middleware/auth.js
FN:5,(anonymous_0)
FN:29,(anonymous_1)
FNF:2
FNH:1
FNDA:15,(anonymous_0)
FNDA:0,(anonymous_1)
DA:2,1
DA:3,1
DA:5,1
DA:6,15
DA:7,15
DA:9,15
DA:10,0
DA:13,15
DA:14,15
DA:16,13
DA:17,0
DA:20,13
DA:21,13
DA:23,2
DA:28,1
DA:29,1
DA:30,0
DA:31,0
LF:18
LH:14
BRDA:9,0,0,0
BRDA:9,0,1,15
BRDA:16,1,0,0
BRDA:16,1,1,13
BRF:4
BRH:2
end_of_record
TN:
SF:src/models/Tenant.js
FN:3,(anonymous_0)
FNF:1
FNH:1
FNDA:1,(anonymous_0)
DA:2,1
DA:3,1
DA:4,1
LF:3
LH:3
BRF:0
BRH:0
end_of_record
TN:
SF:src/models/Transaction.js
FN:3,(anonymous_0)
FN:34,(anonymous_1)
FN:98,(anonymous_2)
FN:105,(anonymous_3)
FNF:4
FNH:2
FNDA:1,(anonymous_0)
FNDA:13,(anonymous_1)
FNDA:0,(anonymous_2)
FNDA:0,(anonymous_3)
DA:1,1
DA:3,1
DA:4,1
DA:35,13
DA:36,0
DA:98,1
DA:99,0
DA:105,1
DA:106,0
DA:107,0
DA:109,0
DA:125,1
LF:12
LH:7
BRDA:35,0,0,0
BRDA:35,0,1,13
BRDA:99,1,0,0
BRDA:99,1,1,0
BRF:4
BRH:1
end_of_record
TN:
SF:src/models/User.js
FN:5,(anonymous_0)
FN:78,(anonymous_1)
FN:96,(anonymous_2)
FN:100,(anonymous_3)
FN:112,(anonymous_4)
FN:120,(anonymous_5)
FNF:6
FNH:5
FNDA:1,(anonymous_0)
FNDA:1,(anonymous_1)
FNDA:1,(anonymous_2)
FNDA:2,(anonymous_3)
FNDA:0,(anonymous_4)
FNDA:2,(anonymous_5)
DA:1,1
DA:2,1
DA:3,1
DA:5,1
DA:6,1
DA:79,1
DA:80,1
DA:81,1
DA:96,1
DA:97,1
DA:100,1
DA:101,2
DA:112,1
DA:113,0
DA:120,1
DA:121,2
DA:122,2
DA:123,2
DA:124,2
DA:125,2
DA:126,2
DA:129,1
LF:22
LH:21
BRDA:79,0,0,1
BRDA:79,0,1,0
BRDA:108,1,0,2
BRDA:108,1,1,2
BRDA:116,2,0,0
BRDA:116,2,1,0
BRF:6
BRH:3
end_of_record
TN:
SF:src/models/index.js
FNF:0
FNH:0
DA:1,1
DA:2,1
DA:4,1
DA:6,1
DA:17,1
DA:18,1
DA:19,1
DA:22,1
DA:39,1
DA:40,1
DA:42,1
DA:43,1
DA:45,1
DA:46,1
DA:48,1
LF:15
LH:15
BRDA:6,0,0,1
BRDA:6,0,1,0
BRF:2
BRH:1
end_of_record
TN:
SF:src/routes/ai.js
FN:4,(anonymous_0)
FNF:1
FNH:1
FNDA:1,(anonymous_0)
DA:1,1
DA:2,1
DA:4,1
DA:5,1
DA:15,1
LF:5
LH:5
BRF:0
BRH:0
end_of_record
TN:
SF:src/routes/auth.js
FN:9,(anonymous_0)
FN:23,(anonymous_1)
FN:42,(anonymous_2)
FN:57,(anonymous_3)
FN:67,(anonymous_4)
FNF:5
FNH:3
FNDA:2,(anonymous_0)
FNDA:1,(anonymous_1)
FNDA:1,(anonymous_2)
FNDA:0,(anonymous_3)
FNDA:0,(anonymous_4)
DA:1,1
DA:2,1
DA:3,1
DA:4,1
DA:5,1
DA:6,1
DA:9,1
DA:10,2
DA:11,2
DA:12,0
DA:14,2
DA:18,1
DA:24,1
DA:25,1
DA:26,1
DA:27,1
DA:28,0
DA:30,1
DA:31,1
DA:32,1
DA:34,0
DA:39,1
DA:43,1
DA:44,1
DA:45,1
DA:46,1
DA:47,0
DA:49,1
DA:50,1
DA:52,0
DA:57,1
DA:58,0
DA:59,0
DA:60,0
DA:61,0
DA:63,0
DA:67,1
DA:68,0
DA:69,0
DA:70,0
DA:71,0
DA:72,0
DA:73,0
DA:75,0
DA:78,0
DA:82,1
LF:46
LH:28
BRDA:11,0,0,0
BRDA:11,0,1,2
BRDA:27,1,0,0
BRDA:27,1,1,1
BRDA:46,2,0,0
BRDA:46,2,1,1
BRDA:46,3,0,1
BRDA:46,3,1,1
BRDA:71,4,0,0
BRDA:71,4,1,0
BRF:10
BRH:5
end_of_record
TN:
SF:src/routes/budgets.js
FN:4,(anonymous_0)
FN:11,(anonymous_1)
FNF:2
FNH:2
FNDA:1,(anonymous_0)
FNDA:1,(anonymous_1)
DA:1,1
DA:2,1
DA:4,1
DA:5,1
DA:11,1
DA:12,1
DA:20,1
LF:7
LH:7
BRF:0
BRH:0
end_of_record
TN:
SF:src/routes/categories.js
FN:4,(anonymous_0)
FNF:1
FNH:1
FNDA:1,(anonymous_0)
DA:1,1
DA:2,1
DA:4,1
DA:5,1
DA:13,1
LF:5
LH:5
BRF:0
BRH:0
end_of_record
TN:
SF:src/routes/dashboard.js
FN:4,(anonymous_0)
FNF:1
FNH:1
FNDA:1,(anonymous_0)
DA:1,1
DA:2,1
DA:4,1
DA:5,1
DA:16,1
LF:5
LH:5
BRF:0
BRH:0
end_of_record
TN:
SF:src/routes/investments.js
FN:3,(anonymous_0)
FNF:1
FNH:0
FNDA:0,(anonymous_0)
DA:1,1
DA:2,1
DA:3,1
DA:4,1
LF:4
LH:4
BRF:0
BRH:0
end_of_record
TN:
SF:src/routes/ocr.js
FN:3,(anonymous_0)
FNF:1
FNH:0
FNDA:0,(anonymous_0)
DA:1,1
DA:2,1
DA:3,1
DA:4,1
LF:4
LH:4
BRF:0
BRH:0
end_of_record
TN:
SF:src/routes/transactions.js
FN:11,(anonymous_0)
FN:36,(anonymous_1)
FN:100,(anonymous_2)
FN:150,(anonymous_3)
FNF:4
FNH:2
FNDA:13,(anonymous_0)
FNDA:0,(anonymous_1)
FNDA:0,(anonymous_2)
FNDA:13,(anonymous_3)
DA:1,1
DA:2,1
DA:3,1
DA:4,1
DA:5,1
DA:6,1
DA:8,1
DA:11,1
DA:12,13
DA:13,13
DA:14,0
DA:19,13
DA:23,1
DA:37,0
DA:38,0
DA:39,0
DA:40,0
DA:42,0
DA:45,0
DA:46,0
DA:51,0
DA:52,0
DA:55,0
DA:56,0
DA:59,0
DA:60,0
DA:61,0
DA:62,0
DA:64,0
DA:65,0
DA:69,0
DA:78,0
DA:90,0
DA:101,0
DA:106,0
DA:112,0
DA:113,0
DA:122,0
DA:123,0
DA:129,0
DA:135,1
DA:151,13
DA:164,13
DA:167,13
DA:171,13
DA:172,0
DA:179,13
DA:195,13
DA:196,0
DA:199,13
DA:205,0
DA:206,0
DA:212,0
DA:217,1
LF:54
LH:21
BRDA:13,0,0,0
BRDA:13,0,1,13
BRDA:38,1,0,0
BRDA:38,1,1,0
BRDA:39,2,0,0
BRDA:39,2,1,0
BRDA:45,3,0,0
BRDA:45,3,1,0
BRDA:45,4,0,0
BRDA:45,4,1,0
BRDA:51,5,0,0
BRDA:51,5,1,0
BRDA:55,6,0,0
BRDA:55,6,1,0
BRDA:59,7,0,0
BRDA:59,7,1,0
BRDA:59,8,0,0
BRDA:59,8,1,0
BRDA:61,9,0,0
BRDA:61,9,1,0
BRDA:64,10,0,0
BRDA:64,10,1,0
BRDA:112,11,0,0
BRDA:112,11,1,0
BRDA:122,12,0,0
BRDA:122,12,1,0
BRDA:171,13,0,0
BRDA:171,13,1,13
BRDA:195,14,0,0
BRDA:195,14,1,13
BRDA:205,15,0,0
BRDA:205,15,1,0
BRF:32
BRH:3
end_of_record
TN:
SF:src/routes/voice.js
FN:3,(anonymous_0)
FNF:1
FNH:0
FNDA:0,(anonymous_0)
DA:1,1
DA:2,1
DA:3,1
DA:4,1
LF:4
LH:4
BRF:0
BRH:0
end_of_record
TN:
SF:src/services/mfaService.js
FN:5,(anonymous_0)
FN:14,(anonymous_1)
FNF:2
FNH:0
FNDA:0,(anonymous_0)
FNDA:0,(anonymous_1)
DA:2,1
DA:3,1
DA:5,1
DA:6,0
DA:10,0
DA:11,0
DA:14,1
DA:15,0
LF:8
LH:4
BRF:0
BRH:0
end_of_record
